paperspace@psawn7j1c59e:~$ grep avx /proc/cpuinfo
paperspace@psawn7j1c59e:~$ grep avx2 /proc/cpuinfo
paperspace@psawn7j1c59e:~$ lscpu
Architecture:            x86_64
  CPU op-mode(s):        32-bit, 64-bit
  Address sizes:         46 bits physical, 48 bits virtual
  Byte Order:            Little Endian
CPU(s):                  128
  On-line CPU(s) list:   0-127
Vendor ID:               GenuineIntel
  Model name:            Intel(R) Xeon(R) Platinum 8458P
    CPU family:          6
    Model:               143
    Thread(s) per core:  1
    Core(s) per socket:  64
    Socket(s):           2
    Stepping:            8
    BogoMIPS:            5400.10
    Flags:               fpu vme de pse tsc msr pae mce cx8 apic sep mtrr pge mca cmov pat pse36 clflush acpi mmx fxsr sse sse2 ss ht syscall nx pdpe1gb rdtscp lm constant_tsc rep_good nop
                         l cpuid tsc_known_freq pni pclmulqdq ssse3 cx16 pcid sse4_1 sse4_2 x2apic movbe popcnt tsc_deadline_timer aes xsave rdrand hypervisor lahf_lm abm 3dnowprefetch cpu
                         id_fault invpcid_single intel_ppin ssbd ibrs ibpb stibp ibrs_enhanced fsgsbase tsc_adjust bmi1 smep bmi2 erms invpcid rtm rdseed adx smap clflushopt clwb sha_ni xs
                         aveopt xsavec xgetbv1 xsaves umip pku ospke gfni rdpid md_clear flush_l1d arch_capabilities
Virtualization features:
  Hypervisor vendor:     Xen
  Virtualization type:   full
Caches (sum of all):
  L1d:                   6 MiB (128 instances)
  L1i:                   4 MiB (128 instances)
  L2:                    256 MiB (128 instances)
  L3:                    10.3 GiB (128 instances)
NUMA:
  NUMA node(s):          1
  NUMA node0 CPU(s):     0-127
Vulnerabilities:
  Gather data sampling:  Not affected
  Itlb multihit:         Not affected
  L1tf:                  Not affected
  Mds:                   Not affected
  Meltdown:              Not affected
  Mmio stale data:       Not affected
  Retbleed:              Not affected
  Spec rstack overflow:  Not affected
  Spec store bypass:     Mitigation; Speculative Store Bypass disabled via prctl
  Spectre v1:            Mitigation; usercopy/swapgs barriers and __user pointer sanitization
  Spectre v2:            Mitigation; Enhanced IBRS, IBPB conditional, RSB filling, PBRSB-eIBRS SW sequence
  Srbds:                 Not affected
  Tsx async abort:       Not affected
paperspace@psawn7j1c59e:~$
paperspace@psawn7j1c59e:~$
paperspace@psawn7j1c59e:~$ nvidia-smi
Thu Mar 28 04:10:51 2024
+---------------------------------------------------------------------------------------+
| NVIDIA-SMI 535.129.03             Driver Version: 535.129.03   CUDA Version: 12.2     |
|-----------------------------------------+----------------------+----------------------+
| GPU  Name                 Persistence-M | Bus-Id        Disp.A | Volatile Uncorr. ECC |
| Fan  Temp   Perf          Pwr:Usage/Cap |         Memory-Usage | GPU-Util  Compute M. |
|                                         |                      |               MIG M. |
|=========================================+======================+======================|
|   0  NVIDIA H100 80GB HBM3          On  | 00000000:00:05.0 Off |                    0 |
| N/A   25C    P0              74W / 700W |    224MiB / 81559MiB |      0%      Default |
|                                         |                      |             Disabled |
+-----------------------------------------+----------------------+----------------------+
|   1  NVIDIA H100 80GB HBM3          On  | 00000000:00:06.0 Off |                    0 |
| N/A   27C    P0              72W / 700W |      2MiB / 81559MiB |      0%      Default |
|                                         |                      |             Disabled |
+-----------------------------------------+----------------------+----------------------+
|   2  NVIDIA H100 80GB HBM3          On  | 00000000:00:07.0 Off |                    0 |
| N/A   27C    P0              77W / 700W |      2MiB / 81559MiB |      0%      Default |
|                                         |                      |             Disabled |
+-----------------------------------------+----------------------+----------------------+
|   3  NVIDIA H100 80GB HBM3          On  | 00000000:00:08.0 Off |                    0 |
| N/A   25C    P0              77W / 700W |      2MiB / 81559MiB |      0%      Default |
|                                         |                      |             Disabled |
+-----------------------------------------+----------------------+----------------------+
|   4  NVIDIA H100 80GB HBM3          On  | 00000000:00:09.0 Off |                    0 |
| N/A   25C    P0              72W / 700W |      2MiB / 81559MiB |      0%      Default |
|                                         |                      |             Disabled |
+-----------------------------------------+----------------------+----------------------+
|   5  NVIDIA H100 80GB HBM3          On  | 00000000:00:0A.0 Off |                    0 |
| N/A   27C    P0              75W / 700W |      2MiB / 81559MiB |      0%      Default |
|                                         |                      |             Disabled |
+-----------------------------------------+----------------------+----------------------+
|   6  NVIDIA H100 80GB HBM3          On  | 00000000:00:0B.0 Off |                    0 |
| N/A   26C    P0              75W / 700W |      2MiB / 81559MiB |      0%      Default |
|                                         |                      |             Disabled |
+-----------------------------------------+----------------------+----------------------+
|   7  NVIDIA H100 80GB HBM3          On  | 00000000:00:0C.0 Off |                    0 |
| N/A   27C    P0              76W / 700W |      2MiB / 81559MiB |      0%      Default |
|                                         |                      |             Disabled |
+-----------------------------------------+----------------------+----------------------+

+---------------------------------------------------------------------------------------+
| Processes:                                                                            |
|  GPU   GI   CI        PID   Type   Process name                            GPU Memory |
|        ID   ID                                                             Usage      |
|=======================================================================================|
|    0   N/A  N/A      5279      G   /usr/lib/xorg/Xorg                           70MiB |
|    0   N/A  N/A      5500      G   /usr/bin/gnome-shell                        142MiB |
+---------------------------------------------------------------------------------------+
paperspace@psawn7j1c59e:~$
